{"D:\\Repositorio\\Practicas Back\\src\\db.js": {"path":"D:\\Repositorio\\Practicas Back\\src\\db.js","statementMap":{"0":{"start":{"line":1,"column":17},"end":{"line":1,"column":30}},"1":{"start":{"line":3,"column":13},"end":{"line":5,"column":2}},"2":{"start":{"line":7,"column":0},"end":{"line":7,"column":22}}},"fnMap":{},"branchMap":{},"s":{"0":4,"1":4,"2":4},"f":{},"b":{},"_coverageSchema":"1a1c01bbd47fc00a2c39e90264f33305004495a9","hash":"b5983004c35bbc5b0d6209c389e3d73cda8a687c"}
,"D:\\Repositorio\\Practicas Back\\src\\index.js": {"path":"D:\\Repositorio\\Practicas Back\\src\\index.js","statementMap":{"0":{"start":{"line":1,"column":0},"end":{"line":1,"column":27}},"1":{"start":{"line":3,"column":16},"end":{"line":3,"column":34}},"2":{"start":{"line":4,"column":12},"end":{"line":4,"column":21}},"3":{"start":{"line":6,"column":24},"end":{"line":6,"column":53}},"4":{"start":{"line":7,"column":23},"end":{"line":7,"column":51}},"5":{"start":{"line":8,"column":22},"end":{"line":8,"column":49}},"6":{"start":{"line":9,"column":19},"end":{"line":9,"column":43}},"7":{"start":{"line":10,"column":13},"end":{"line":10,"column":28}},"8":{"start":{"line":13,"column":0},"end":{"line":13,"column":24}},"9":{"start":{"line":14,"column":0},"end":{"line":14,"column":39}},"10":{"start":{"line":15,"column":0},"end":{"line":15,"column":37}},"11":{"start":{"line":16,"column":0},"end":{"line":16,"column":35}},"12":{"start":{"line":17,"column":0},"end":{"line":17,"column":29}},"13":{"start":{"line":20,"column":0},"end":{"line":27,"column":3}},"14":{"start":{"line":21,"column":2},"end":{"line":26,"column":3}},"15":{"start":{"line":22,"column":4},"end":{"line":22,"column":33}},"16":{"start":{"line":23,"column":4},"end":{"line":23,"column":79}},"17":{"start":{"line":25,"column":4},"end":{"line":25,"column":110}},"18":{"start":{"line":29,"column":0},"end":{"line":29,"column":21}},"19":{"start":{"line":31,"column":0},"end":{"line":36,"column":1}},"20":{"start":{"line":32,"column":15},"end":{"line":32,"column":39}},"21":{"start":{"line":33,"column":2},"end":{"line":35,"column":5}},"22":{"start":{"line":34,"column":4},"end":{"line":34,"column":57}}},"fnMap":{"0":{"name":"(anonymous_0)","decl":{"start":{"line":20,"column":22},"end":{"line":20,"column":23}},"loc":{"start":{"line":20,"column":42},"end":{"line":27,"column":1}},"line":20},"1":{"name":"(anonymous_1)","decl":{"start":{"line":33,"column":19},"end":{"line":33,"column":20}},"loc":{"start":{"line":33,"column":25},"end":{"line":35,"column":3}},"line":33}},"branchMap":{"0":{"loc":{"start":{"line":31,"column":0},"end":{"line":36,"column":1}},"type":"if","locations":[{"start":{"line":31,"column":0},"end":{"line":36,"column":1}},{"start":{},"end":{}}],"line":31},"1":{"loc":{"start":{"line":32,"column":15},"end":{"line":32,"column":39}},"type":"binary-expr","locations":[{"start":{"line":32,"column":15},"end":{"line":32,"column":31}},{"start":{"line":32,"column":35},"end":{"line":32,"column":39}}],"line":32}},"s":{"0":4,"1":4,"2":4,"3":4,"4":4,"5":4,"6":4,"7":4,"8":4,"9":4,"10":4,"11":4,"12":4,"13":4,"14":0,"15":0,"16":0,"17":0,"18":4,"19":4,"20":0,"21":0,"22":0},"f":{"0":0,"1":0},"b":{"0":[0,4],"1":[0,0]},"_coverageSchema":"1a1c01bbd47fc00a2c39e90264f33305004495a9","hash":"6dafbc459e0769a30826e42914fd3ff0f43f8097"}
,"D:\\Repositorio\\Practicas Back\\src\\auth\\login.js": {"path":"D:\\Repositorio\\Practicas Back\\src\\auth\\login.js","statementMap":{"0":{"start":{"line":1,"column":15},"end":{"line":1,"column":32}},"1":{"start":{"line":2,"column":12},"end":{"line":2,"column":35}},"2":{"start":{"line":3,"column":18},"end":{"line":3,"column":40}},"3":{"start":{"line":4,"column":26},"end":{"line":4,"column":46}},"4":{"start":{"line":6,"column":0},"end":{"line":36,"column":1}},"5":{"start":{"line":7,"column":2},"end":{"line":35,"column":3}},"6":{"start":{"line":8,"column":32},"end":{"line":8,"column":40}},"7":{"start":{"line":9,"column":4},"end":{"line":11,"column":5}},"8":{"start":{"line":10,"column":6},"end":{"line":10,"column":73}},"9":{"start":{"line":12,"column":17},"end":{"line":12,"column":51}},"10":{"start":{"line":13,"column":4},"end":{"line":15,"column":5}},"11":{"start":{"line":14,"column":6},"end":{"line":14,"column":71}},"12":{"start":{"line":16,"column":18},"end":{"line":16,"column":63}},"13":{"start":{"line":17,"column":4},"end":{"line":19,"column":5}},"14":{"start":{"line":18,"column":6},"end":{"line":18,"column":71}},"15":{"start":{"line":20,"column":18},"end":{"line":24,"column":5}},"16":{"start":{"line":26,"column":25},"end":{"line":30,"column":5}},"17":{"start":{"line":31,"column":4},"end":{"line":31,"column":37}},"18":{"start":{"line":32,"column":4},"end":{"line":32,"column":131}},"19":{"start":{"line":34,"column":4},"end":{"line":34,"column":49}}},"fnMap":{"0":{"name":"login","decl":{"start":{"line":6,"column":32},"end":{"line":6,"column":37}},"loc":{"start":{"line":6,"column":48},"end":{"line":36,"column":1}},"line":6}},"branchMap":{"0":{"loc":{"start":{"line":9,"column":4},"end":{"line":11,"column":5}},"type":"if","locations":[{"start":{"line":9,"column":4},"end":{"line":11,"column":5}},{"start":{},"end":{}}],"line":9},"1":{"loc":{"start":{"line":9,"column":8},"end":{"line":9,"column":27}},"type":"binary-expr","locations":[{"start":{"line":9,"column":8},"end":{"line":9,"column":14}},{"start":{"line":9,"column":18},"end":{"line":9,"column":27}}],"line":9},"2":{"loc":{"start":{"line":13,"column":4},"end":{"line":15,"column":5}},"type":"if","locations":[{"start":{"line":13,"column":4},"end":{"line":15,"column":5}},{"start":{},"end":{}}],"line":13},"3":{"loc":{"start":{"line":17,"column":4},"end":{"line":19,"column":5}},"type":"if","locations":[{"start":{"line":17,"column":4},"end":{"line":19,"column":5}},{"start":{},"end":{}}],"line":17}},"s":{"0":4,"1":4,"2":4,"3":4,"4":4,"5":15,"6":15,"7":15,"8":1,"9":14,"10":13,"11":2,"12":11,"13":11,"14":1,"15":10,"16":10,"17":10,"18":10,"19":1},"f":{"0":15},"b":{"0":[1,14],"1":[15,14],"2":[2,11],"3":[1,10]},"_coverageSchema":"1a1c01bbd47fc00a2c39e90264f33305004495a9","hash":"8edad5e729a892f9dd278c9d7a1c43e5fe694331"}
,"D:\\Repositorio\\Practicas Back\\src\\auth\\passwordUtils.js": {"path":"D:\\Repositorio\\Practicas Back\\src\\auth\\passwordUtils.js","statementMap":{"0":{"start":{"line":2,"column":0},"end":{"line":5,"column":1}},"1":{"start":{"line":4,"column":1},"end":{"line":4,"column":95}}},"fnMap":{"0":{"name":"(anonymous_0)","decl":{"start":{"line":2,"column":34},"end":{"line":2,"column":35}},"loc":{"start":{"line":2,"column":54},"end":{"line":5,"column":1}},"line":2}},"branchMap":{},"s":{"0":4,"1":12},"f":{"0":12},"b":{},"_coverageSchema":"1a1c01bbd47fc00a2c39e90264f33305004495a9","hash":"0ffcf0483ec81767432beb4ba2274ab5467afa72"}
,"D:\\Repositorio\\Practicas Back\\src\\auth\\refresh.js": {"path":"D:\\Repositorio\\Practicas Back\\src\\auth\\refresh.js","statementMap":{"0":{"start":{"line":2,"column":12},"end":{"line":2,"column":35}},"1":{"start":{"line":3,"column":18},"end":{"line":3,"column":40}},"2":{"start":{"line":6,"column":22},"end":{"line":6,"column":24}},"3":{"start":{"line":7,"column":22},"end":{"line":7,"column":24}},"4":{"start":{"line":9,"column":0},"end":{"line":27,"column":1}},"5":{"start":{"line":10,"column":27},"end":{"line":10,"column":35}},"6":{"start":{"line":11,"column":2},"end":{"line":13,"column":3}},"7":{"start":{"line":12,"column":4},"end":{"line":12,"column":80}},"8":{"start":{"line":14,"column":2},"end":{"line":26,"column":3}},"9":{"start":{"line":15,"column":20},"end":{"line":15,"column":76}},"10":{"start":{"line":16,"column":17},"end":{"line":16,"column":59}},"11":{"start":{"line":17,"column":4},"end":{"line":17,"column":79}},"12":{"start":{"line":17,"column":15},"end":{"line":17,"column":79}},"13":{"start":{"line":18,"column":21},"end":{"line":22,"column":5}},"14":{"start":{"line":23,"column":4},"end":{"line":23,"column":34}},"15":{"start":{"line":25,"column":4},"end":{"line":25,"column":80}},"16":{"start":{"line":30,"column":0},"end":{"line":30,"column":45}},"17":{"start":{"line":31,"column":0},"end":{"line":31,"column":45}},"18":{"start":{"line":34,"column":0},"end":{"line":41,"column":1}},"19":{"start":{"line":35,"column":27},"end":{"line":35,"column":35}},"20":{"start":{"line":36,"column":2},"end":{"line":38,"column":3}},"21":{"start":{"line":37,"column":4},"end":{"line":37,"column":69}},"22":{"start":{"line":39,"column":2},"end":{"line":39,"column":35}},"23":{"start":{"line":40,"column":2},"end":{"line":40,"column":50}}},"fnMap":{"0":{"name":"refreshToken","decl":{"start":{"line":9,"column":32},"end":{"line":9,"column":44}},"loc":{"start":{"line":9,"column":55},"end":{"line":27,"column":1}},"line":9},"1":{"name":"(anonymous_1)","decl":{"start":{"line":34,"column":24},"end":{"line":34,"column":25}},"loc":{"start":{"line":34,"column":44},"end":{"line":41,"column":1}},"line":34}},"branchMap":{"0":{"loc":{"start":{"line":11,"column":2},"end":{"line":13,"column":3}},"type":"if","locations":[{"start":{"line":11,"column":2},"end":{"line":13,"column":3}},{"start":{},"end":{}}],"line":11},"1":{"loc":{"start":{"line":11,"column":6},"end":{"line":11,"column":100}},"type":"binary-expr","locations":[{"start":{"line":11,"column":6},"end":{"line":11,"column":19}},{"start":{"line":11,"column":23},"end":{"line":11,"column":60}},{"start":{"line":11,"column":64},"end":{"line":11,"column":100}}],"line":11},"2":{"loc":{"start":{"line":17,"column":4},"end":{"line":17,"column":79}},"type":"if","locations":[{"start":{"line":17,"column":4},"end":{"line":17,"column":79}},{"start":{},"end":{}}],"line":17},"3":{"loc":{"start":{"line":36,"column":2},"end":{"line":38,"column":3}},"type":"if","locations":[{"start":{"line":36,"column":2},"end":{"line":38,"column":3}},{"start":{},"end":{}}],"line":36},"4":{"loc":{"start":{"line":36,"column":6},"end":{"line":36,"column":60}},"type":"binary-expr","locations":[{"start":{"line":36,"column":6},"end":{"line":36,"column":19}},{"start":{"line":36,"column":23},"end":{"line":36,"column":60}}],"line":36}},"s":{"0":4,"1":4,"2":4,"3":4,"4":4,"5":4,"6":4,"7":4,"8":0,"9":0,"10":0,"11":0,"12":0,"13":0,"14":0,"15":0,"16":4,"17":4,"18":4,"19":2,"20":2,"21":1,"22":1,"23":1},"f":{"0":4,"1":2},"b":{"0":[4,0],"1":[4,3,1],"2":[0,0],"3":[1,1],"4":[2,2]},"_coverageSchema":"1a1c01bbd47fc00a2c39e90264f33305004495a9","hash":"bbfc508da54ceee1b24771013b27407ea7c8dd59"}
,"D:\\Repositorio\\Practicas Back\\src\\auth\\register.js": {"path":"D:\\Repositorio\\Practicas Back\\src\\auth\\register.js","statementMap":{"0":{"start":{"line":1,"column":15},"end":{"line":1,"column":32}},"1":{"start":{"line":2,"column":18},"end":{"line":2,"column":40}},"2":{"start":{"line":3,"column":22},"end":{"line":3,"column":48}},"3":{"start":{"line":5,"column":0},"end":{"line":24,"column":1}},"4":{"start":{"line":6,"column":2},"end":{"line":23,"column":3}},"5":{"start":{"line":7,"column":46},"end":{"line":7,"column":54}},"6":{"start":{"line":8,"column":4},"end":{"line":10,"column":5}},"7":{"start":{"line":9,"column":6},"end":{"line":9,"column":73}},"8":{"start":{"line":11,"column":4},"end":{"line":13,"column":5}},"9":{"start":{"line":12,"column":6},"end":{"line":12,"column":65}},"10":{"start":{"line":14,"column":19},"end":{"line":14,"column":53}},"11":{"start":{"line":15,"column":4},"end":{"line":17,"column":5}},"12":{"start":{"line":16,"column":6},"end":{"line":16,"column":68}},"13":{"start":{"line":18,"column":17},"end":{"line":18,"column":48}},"14":{"start":{"line":19,"column":17},"end":{"line":19,"column":96}},"15":{"start":{"line":20,"column":4},"end":{"line":20,"column":140}},"16":{"start":{"line":22,"column":4},"end":{"line":22,"column":49}}},"fnMap":{"0":{"name":"register","decl":{"start":{"line":5,"column":32},"end":{"line":5,"column":40}},"loc":{"start":{"line":5,"column":51},"end":{"line":24,"column":1}},"line":5}},"branchMap":{"0":{"loc":{"start":{"line":8,"column":4},"end":{"line":10,"column":5}},"type":"if","locations":[{"start":{"line":8,"column":4},"end":{"line":10,"column":5}},{"start":{},"end":{}}],"line":8},"1":{"loc":{"start":{"line":8,"column":8},"end":{"line":8,"column":38}},"type":"binary-expr","locations":[{"start":{"line":8,"column":8},"end":{"line":8,"column":14}},{"start":{"line":8,"column":18},"end":{"line":8,"column":27}},{"start":{"line":8,"column":31},"end":{"line":8,"column":38}}],"line":8},"2":{"loc":{"start":{"line":11,"column":4},"end":{"line":13,"column":5}},"type":"if","locations":[{"start":{"line":11,"column":4},"end":{"line":13,"column":5}},{"start":{},"end":{}}],"line":11},"3":{"loc":{"start":{"line":15,"column":4},"end":{"line":17,"column":5}},"type":"if","locations":[{"start":{"line":15,"column":4},"end":{"line":17,"column":5}},{"start":{},"end":{}}],"line":15},"4":{"loc":{"start":{"line":19,"column":79},"end":{"line":19,"column":93}},"type":"binary-expr","locations":[{"start":{"line":19,"column":79},"end":{"line":19,"column":83}},{"start":{"line":19,"column":87},"end":{"line":19,"column":93}}],"line":19}},"s":{"0":4,"1":4,"2":4,"3":4,"4":13,"5":13,"6":13,"7":1,"8":12,"9":4,"10":8,"11":8,"12":1,"13":7,"14":7,"15":7,"16":0},"f":{"0":13},"b":{"0":[1,12],"1":[13,12,12],"2":[4,8],"3":[1,7],"4":[7,0]},"_coverageSchema":"1a1c01bbd47fc00a2c39e90264f33305004495a9","hash":"1fbf8c3159891d2191ff628d1816438799995515"}
,"D:\\Repositorio\\Practicas Back\\src\\auth\\userModel.js": {"path":"D:\\Repositorio\\Practicas Back\\src\\auth\\userModel.js","statementMap":{"0":{"start":{"line":2,"column":13},"end":{"line":2,"column":29}},"1":{"start":{"line":4,"column":0},"end":{"line":16,"column":2}},"2":{"start":{"line":6,"column":19},"end":{"line":6,"column":88}},"3":{"start":{"line":7,"column":2},"end":{"line":7,"column":17}},"4":{"start":{"line":10,"column":19},"end":{"line":13,"column":3}},"5":{"start":{"line":14,"column":2},"end":{"line":14,"column":17}}},"fnMap":{"0":{"name":"(anonymous_0)","decl":{"start":{"line":5,"column":1},"end":{"line":5,"column":2}},"loc":{"start":{"line":5,"column":26},"end":{"line":8,"column":2}},"line":5},"1":{"name":"(anonymous_1)","decl":{"start":{"line":9,"column":1},"end":{"line":9,"column":2}},"loc":{"start":{"line":9,"column":49},"end":{"line":15,"column":2}},"line":9}},"branchMap":{},"s":{"0":4,"1":4,"2":21,"3":21,"4":7,"5":7},"f":{"0":21,"1":7},"b":{},"_coverageSchema":"1a1c01bbd47fc00a2c39e90264f33305004495a9","hash":"f5ec3ed7227ddbe817de9d922813bb6a7cf3ad67"}
,"D:\\Repositorio\\Practicas Back\\src\\controllers\\clientes.js": {"path":"D:\\Repositorio\\Practicas Back\\src\\controllers\\clientes.js","statementMap":{"0":{"start":{"line":1,"column":24},"end":{"line":1,"column":55}},"1":{"start":{"line":3,"column":0},"end":{"line":43,"column":2}},"2":{"start":{"line":5,"column":21},"end":{"line":5,"column":51}},"3":{"start":{"line":6,"column":4},"end":{"line":6,"column":23}},"4":{"start":{"line":9,"column":20},"end":{"line":9,"column":64}},"5":{"start":{"line":10,"column":4},"end":{"line":10,"column":82}},"6":{"start":{"line":10,"column":18},"end":{"line":10,"column":82}},"7":{"start":{"line":11,"column":4},"end":{"line":11,"column":22}},"8":{"start":{"line":14,"column":4},"end":{"line":23,"column":5}},"9":{"start":{"line":15,"column":32},"end":{"line":15,"column":40}},"10":{"start":{"line":16,"column":6},"end":{"line":18,"column":7}},"11":{"start":{"line":17,"column":8},"end":{"line":17,"column":80}},"12":{"start":{"line":19,"column":20},"end":{"line":19,"column":58}},"13":{"start":{"line":20,"column":6},"end":{"line":20,"column":34}},"14":{"start":{"line":22,"column":6},"end":{"line":22,"column":51}},"15":{"start":{"line":26,"column":4},"end":{"line":32,"column":5}},"16":{"start":{"line":27,"column":26},"end":{"line":27,"column":79}},"17":{"start":{"line":28,"column":6},"end":{"line":28,"column":88}},"18":{"start":{"line":28,"column":24},"end":{"line":28,"column":88}},"19":{"start":{"line":29,"column":6},"end":{"line":29,"column":28}},"20":{"start":{"line":31,"column":6},"end":{"line":31,"column":51}},"21":{"start":{"line":35,"column":4},"end":{"line":41,"column":5}},"22":{"start":{"line":36,"column":24},"end":{"line":36,"column":67}},"23":{"start":{"line":37,"column":6},"end":{"line":37,"column":86}},"24":{"start":{"line":37,"column":22},"end":{"line":37,"column":86}},"25":{"start":{"line":38,"column":6},"end":{"line":38,"column":29}},"26":{"start":{"line":40,"column":6},"end":{"line":40,"column":51}}},"fnMap":{"0":{"name":"(anonymous_0)","decl":{"start":{"line":4,"column":10},"end":{"line":4,"column":11}},"loc":{"start":{"line":4,"column":30},"end":{"line":7,"column":3}},"line":4},"1":{"name":"(anonymous_1)","decl":{"start":{"line":8,"column":11},"end":{"line":8,"column":12}},"loc":{"start":{"line":8,"column":31},"end":{"line":12,"column":3}},"line":8},"2":{"name":"(anonymous_2)","decl":{"start":{"line":13,"column":10},"end":{"line":13,"column":11}},"loc":{"start":{"line":13,"column":30},"end":{"line":24,"column":3}},"line":13},"3":{"name":"(anonymous_3)","decl":{"start":{"line":25,"column":10},"end":{"line":25,"column":11}},"loc":{"start":{"line":25,"column":30},"end":{"line":33,"column":3}},"line":25},"4":{"name":"(anonymous_4)","decl":{"start":{"line":34,"column":10},"end":{"line":34,"column":11}},"loc":{"start":{"line":34,"column":30},"end":{"line":42,"column":3}},"line":34}},"branchMap":{"0":{"loc":{"start":{"line":10,"column":4},"end":{"line":10,"column":82}},"type":"if","locations":[{"start":{"line":10,"column":4},"end":{"line":10,"column":82}},{"start":{},"end":{}}],"line":10},"1":{"loc":{"start":{"line":16,"column":6},"end":{"line":18,"column":7}},"type":"if","locations":[{"start":{"line":16,"column":6},"end":{"line":18,"column":7}},{"start":{},"end":{}}],"line":16},"2":{"loc":{"start":{"line":16,"column":10},"end":{"line":16,"column":74}},"type":"binary-expr","locations":[{"start":{"line":16,"column":10},"end":{"line":16,"column":17}},{"start":{"line":16,"column":21},"end":{"line":16,"column":27}},{"start":{"line":16,"column":31},"end":{"line":16,"column":51}},{"start":{"line":16,"column":55},"end":{"line":16,"column":74}}],"line":16},"3":{"loc":{"start":{"line":28,"column":6},"end":{"line":28,"column":88}},"type":"if","locations":[{"start":{"line":28,"column":6},"end":{"line":28,"column":88}},{"start":{},"end":{}}],"line":28},"4":{"loc":{"start":{"line":37,"column":6},"end":{"line":37,"column":86}},"type":"if","locations":[{"start":{"line":37,"column":6},"end":{"line":37,"column":86}},{"start":{},"end":{}}],"line":37}},"s":{"0":4,"1":4,"2":1,"3":1,"4":1,"5":1,"6":1,"7":0,"8":12,"9":12,"10":12,"11":1,"12":11,"13":7,"14":4,"15":4,"16":4,"17":1,"18":1,"19":0,"20":3,"21":4,"22":4,"23":2,"24":2,"25":0,"26":2},"f":{"0":1,"1":1,"2":12,"3":4,"4":4},"b":{"0":[1,0],"1":[1,11],"2":[12,11,11,11],"3":[1,0],"4":[2,0]},"_coverageSchema":"1a1c01bbd47fc00a2c39e90264f33305004495a9","hash":"a747814964ddd5b1d4b4e898c67e79ace0bdb2ca"}
,"D:\\Repositorio\\Practicas Back\\src\\controllers\\pedidos.js": {"path":"D:\\Repositorio\\Practicas Back\\src\\controllers\\pedidos.js","statementMap":{"0":{"start":{"line":1,"column":23},"end":{"line":1,"column":53}},"1":{"start":{"line":3,"column":0},"end":{"line":43,"column":2}},"2":{"start":{"line":5,"column":20},"end":{"line":5,"column":58}},"3":{"start":{"line":6,"column":4},"end":{"line":6,"column":22}},"4":{"start":{"line":9,"column":19},"end":{"line":9,"column":62}},"5":{"start":{"line":10,"column":4},"end":{"line":10,"column":80}},"6":{"start":{"line":10,"column":17},"end":{"line":10,"column":80}},"7":{"start":{"line":11,"column":4},"end":{"line":11,"column":21}},"8":{"start":{"line":14,"column":4},"end":{"line":23,"column":5}},"9":{"start":{"line":15,"column":50},"end":{"line":15,"column":58}},"10":{"start":{"line":16,"column":6},"end":{"line":18,"column":7}},"11":{"start":{"line":17,"column":8},"end":{"line":17,"column":82}},"12":{"start":{"line":19,"column":20},"end":{"line":19,"column":57}},"13":{"start":{"line":20,"column":6},"end":{"line":20,"column":34}},"14":{"start":{"line":22,"column":6},"end":{"line":22,"column":51}},"15":{"start":{"line":26,"column":4},"end":{"line":32,"column":5}},"16":{"start":{"line":27,"column":26},"end":{"line":27,"column":78}},"17":{"start":{"line":28,"column":6},"end":{"line":28,"column":87}},"18":{"start":{"line":28,"column":24},"end":{"line":28,"column":87}},"19":{"start":{"line":29,"column":6},"end":{"line":29,"column":28}},"20":{"start":{"line":31,"column":6},"end":{"line":31,"column":51}},"21":{"start":{"line":35,"column":4},"end":{"line":41,"column":5}},"22":{"start":{"line":36,"column":24},"end":{"line":36,"column":66}},"23":{"start":{"line":37,"column":6},"end":{"line":37,"column":85}},"24":{"start":{"line":37,"column":22},"end":{"line":37,"column":85}},"25":{"start":{"line":38,"column":6},"end":{"line":38,"column":29}},"26":{"start":{"line":40,"column":6},"end":{"line":40,"column":51}}},"fnMap":{"0":{"name":"(anonymous_0)","decl":{"start":{"line":4,"column":10},"end":{"line":4,"column":11}},"loc":{"start":{"line":4,"column":30},"end":{"line":7,"column":3}},"line":4},"1":{"name":"(anonymous_1)","decl":{"start":{"line":8,"column":11},"end":{"line":8,"column":12}},"loc":{"start":{"line":8,"column":31},"end":{"line":12,"column":3}},"line":8},"2":{"name":"(anonymous_2)","decl":{"start":{"line":13,"column":10},"end":{"line":13,"column":11}},"loc":{"start":{"line":13,"column":30},"end":{"line":24,"column":3}},"line":13},"3":{"name":"(anonymous_3)","decl":{"start":{"line":25,"column":10},"end":{"line":25,"column":11}},"loc":{"start":{"line":25,"column":30},"end":{"line":33,"column":3}},"line":25},"4":{"name":"(anonymous_4)","decl":{"start":{"line":34,"column":10},"end":{"line":34,"column":11}},"loc":{"start":{"line":34,"column":30},"end":{"line":42,"column":3}},"line":34}},"branchMap":{"0":{"loc":{"start":{"line":10,"column":4},"end":{"line":10,"column":80}},"type":"if","locations":[{"start":{"line":10,"column":4},"end":{"line":10,"column":80}},{"start":{},"end":{}}],"line":10},"1":{"loc":{"start":{"line":16,"column":6},"end":{"line":18,"column":7}},"type":"if","locations":[{"start":{"line":16,"column":6},"end":{"line":18,"column":7}},{"start":{},"end":{}}],"line":16},"2":{"loc":{"start":{"line":16,"column":10},"end":{"line":16,"column":111}},"type":"binary-expr","locations":[{"start":{"line":16,"column":10},"end":{"line":16,"column":20}},{"start":{"line":16,"column":24},"end":{"line":16,"column":30}},{"start":{"line":16,"column":34},"end":{"line":16,"column":41}},{"start":{"line":16,"column":45},"end":{"line":16,"column":58}},{"start":{"line":16,"column":62},"end":{"line":16,"column":78}},{"start":{"line":16,"column":82},"end":{"line":16,"column":94}},{"start":{"line":16,"column":98},"end":{"line":16,"column":111}}],"line":16},"3":{"loc":{"start":{"line":28,"column":6},"end":{"line":28,"column":87}},"type":"if","locations":[{"start":{"line":28,"column":6},"end":{"line":28,"column":87}},{"start":{},"end":{}}],"line":28},"4":{"loc":{"start":{"line":37,"column":6},"end":{"line":37,"column":85}},"type":"if","locations":[{"start":{"line":37,"column":6},"end":{"line":37,"column":85}},{"start":{},"end":{}}],"line":37}},"s":{"0":4,"1":4,"2":1,"3":1,"4":1,"5":1,"6":1,"7":0,"8":6,"9":6,"10":6,"11":1,"12":5,"13":2,"14":3,"15":4,"16":4,"17":1,"18":1,"19":0,"20":3,"21":4,"22":4,"23":2,"24":2,"25":0,"26":2},"f":{"0":1,"1":1,"2":6,"3":4,"4":4},"b":{"0":[1,0],"1":[1,5],"2":[6,5,5,5,5,5,5],"3":[1,0],"4":[2,0]},"_coverageSchema":"1a1c01bbd47fc00a2c39e90264f33305004495a9","hash":"ca4ef6183187ce8efe51ebf3524b0e1b4474292c"}
,"D:\\Repositorio\\Practicas Back\\src\\controllers\\productos.js": {"path":"D:\\Repositorio\\Practicas Back\\src\\controllers\\productos.js","statementMap":{"0":{"start":{"line":2,"column":25},"end":{"line":2,"column":57}},"1":{"start":{"line":3,"column":14},"end":{"line":3,"column":28}},"2":{"start":{"line":6,"column":23},"end":{"line":10,"column":2}},"3":{"start":{"line":12,"column":0},"end":{"line":61,"column":2}},"4":{"start":{"line":15,"column":43},"end":{"line":15,"column":52}},"5":{"start":{"line":16,"column":19},"end":{"line":16,"column":71}},"6":{"start":{"line":17,"column":4},"end":{"line":17,"column":21}},"7":{"start":{"line":20,"column":15},"end":{"line":20,"column":28}},"8":{"start":{"line":21,"column":21},"end":{"line":21,"column":55}},"9":{"start":{"line":22,"column":4},"end":{"line":24,"column":5}},"10":{"start":{"line":23,"column":6},"end":{"line":23,"column":71}},"11":{"start":{"line":25,"column":4},"end":{"line":25,"column":23}},"12":{"start":{"line":28,"column":4},"end":{"line":34,"column":5}},"13":{"start":{"line":29,"column":20},"end":{"line":29,"column":50}},"14":{"start":{"line":30,"column":20},"end":{"line":30,"column":56}},"15":{"start":{"line":31,"column":6},"end":{"line":31,"column":34}},"16":{"start":{"line":33,"column":6},"end":{"line":33,"column":85}},"17":{"start":{"line":37,"column":15},"end":{"line":37,"column":28}},"18":{"start":{"line":38,"column":4},"end":{"line":47,"column":5}},"19":{"start":{"line":39,"column":20},"end":{"line":39,"column":50}},"20":{"start":{"line":40,"column":26},"end":{"line":40,"column":66}},"21":{"start":{"line":41,"column":6},"end":{"line":43,"column":7}},"22":{"start":{"line":42,"column":8},"end":{"line":42,"column":73}},"23":{"start":{"line":44,"column":6},"end":{"line":44,"column":28}},"24":{"start":{"line":46,"column":6},"end":{"line":46,"column":85}},"25":{"start":{"line":50,"column":15},"end":{"line":50,"column":28}},"26":{"start":{"line":51,"column":4},"end":{"line":59,"column":5}},"27":{"start":{"line":52,"column":24},"end":{"line":52,"column":57}},"28":{"start":{"line":53,"column":6},"end":{"line":55,"column":7}},"29":{"start":{"line":54,"column":8},"end":{"line":54,"column":73}},"30":{"start":{"line":56,"column":6},"end":{"line":56,"column":29}},"31":{"start":{"line":58,"column":6},"end":{"line":58,"column":51}}},"fnMap":{"0":{"name":"(anonymous_0)","decl":{"start":{"line":13,"column":10},"end":{"line":13,"column":11}},"loc":{"start":{"line":13,"column":30},"end":{"line":18,"column":3}},"line":13},"1":{"name":"(anonymous_1)","decl":{"start":{"line":19,"column":11},"end":{"line":19,"column":12}},"loc":{"start":{"line":19,"column":31},"end":{"line":26,"column":3}},"line":19},"2":{"name":"(anonymous_2)","decl":{"start":{"line":27,"column":10},"end":{"line":27,"column":11}},"loc":{"start":{"line":27,"column":30},"end":{"line":35,"column":3}},"line":27},"3":{"name":"(anonymous_3)","decl":{"start":{"line":36,"column":10},"end":{"line":36,"column":11}},"loc":{"start":{"line":36,"column":30},"end":{"line":48,"column":3}},"line":36},"4":{"name":"(anonymous_4)","decl":{"start":{"line":49,"column":10},"end":{"line":49,"column":11}},"loc":{"start":{"line":49,"column":30},"end":{"line":60,"column":3}},"line":49}},"branchMap":{"0":{"loc":{"start":{"line":15,"column":12},"end":{"line":15,"column":20}},"type":"default-arg","locations":[{"start":{"line":15,"column":19},"end":{"line":15,"column":20}}],"line":15},"1":{"loc":{"start":{"line":15,"column":22},"end":{"line":15,"column":32}},"type":"default-arg","locations":[{"start":{"line":15,"column":30},"end":{"line":15,"column":32}}],"line":15},"2":{"loc":{"start":{"line":22,"column":4},"end":{"line":24,"column":5}},"type":"if","locations":[{"start":{"line":22,"column":4},"end":{"line":24,"column":5}},{"start":{},"end":{}}],"line":22},"3":{"loc":{"start":{"line":33,"column":36},"end":{"line":33,"column":81}},"type":"binary-expr","locations":[{"start":{"line":33,"column":36},"end":{"line":33,"column":60}},{"start":{"line":33,"column":64},"end":{"line":33,"column":81}}],"line":33},"4":{"loc":{"start":{"line":41,"column":6},"end":{"line":43,"column":7}},"type":"if","locations":[{"start":{"line":41,"column":6},"end":{"line":43,"column":7}},{"start":{},"end":{}}],"line":41},"5":{"loc":{"start":{"line":46,"column":36},"end":{"line":46,"column":81}},"type":"binary-expr","locations":[{"start":{"line":46,"column":36},"end":{"line":46,"column":60}},{"start":{"line":46,"column":64},"end":{"line":46,"column":81}}],"line":46},"6":{"loc":{"start":{"line":53,"column":6},"end":{"line":55,"column":7}},"type":"if","locations":[{"start":{"line":53,"column":6},"end":{"line":55,"column":7}},{"start":{},"end":{}}],"line":53}},"s":{"0":4,"1":4,"2":4,"3":4,"4":1,"5":1,"6":1,"7":1,"8":1,"9":1,"10":1,"11":0,"12":6,"13":6,"14":4,"15":2,"16":4,"17":3,"18":3,"19":3,"20":3,"21":1,"22":1,"23":0,"24":2,"25":4,"26":4,"27":4,"28":2,"29":2,"30":0,"31":2},"f":{"0":1,"1":1,"2":6,"3":3,"4":4},"b":{"0":[1],"1":[1],"2":[1,0],"3":[4,4],"4":[1,0],"5":[2,2],"6":[2,0]},"_coverageSchema":"1a1c01bbd47fc00a2c39e90264f33305004495a9","hash":"5921966c5e04fb68b8e0591742740d7a49433ddd"}
,"D:\\Repositorio\\Practicas Back\\src\\middleware\\auth.js": {"path":"D:\\Repositorio\\Practicas Back\\src\\middleware\\auth.js","statementMap":{"0":{"start":{"line":2,"column":12},"end":{"line":2,"column":35}},"1":{"start":{"line":4,"column":0},"end":{"line":16,"column":1}},"2":{"start":{"line":5,"column":21},"end":{"line":5,"column":49}},"3":{"start":{"line":6,"column":2},"end":{"line":6,"column":77}},"4":{"start":{"line":6,"column":19},"end":{"line":6,"column":77}},"5":{"start":{"line":7,"column":16},"end":{"line":7,"column":40}},"6":{"start":{"line":8,"column":2},"end":{"line":8,"column":71}},"7":{"start":{"line":8,"column":14},"end":{"line":8,"column":71}},"8":{"start":{"line":9,"column":2},"end":{"line":15,"column":3}},"9":{"start":{"line":10,"column":20},"end":{"line":10,"column":61}},"10":{"start":{"line":11,"column":4},"end":{"line":11,"column":23}},"11":{"start":{"line":12,"column":4},"end":{"line":12,"column":11}},"12":{"start":{"line":14,"column":4},"end":{"line":14,"column":72}}},"fnMap":{"0":{"name":"authMiddleware","decl":{"start":{"line":4,"column":26},"end":{"line":4,"column":40}},"loc":{"start":{"line":4,"column":57},"end":{"line":16,"column":1}},"line":4}},"branchMap":{"0":{"loc":{"start":{"line":6,"column":2},"end":{"line":6,"column":77}},"type":"if","locations":[{"start":{"line":6,"column":2},"end":{"line":6,"column":77}},{"start":{},"end":{}}],"line":6},"1":{"loc":{"start":{"line":8,"column":2},"end":{"line":8,"column":71}},"type":"if","locations":[{"start":{"line":8,"column":2},"end":{"line":8,"column":71}},{"start":{},"end":{}}],"line":8}},"s":{"0":4,"1":4,"2":76,"3":76,"4":12,"5":64,"6":64,"7":1,"8":63,"9":63,"10":57,"11":57,"12":6},"f":{"0":76},"b":{"0":[12,64],"1":[1,63]},"_coverageSchema":"1a1c01bbd47fc00a2c39e90264f33305004495a9","hash":"ad716132566c1d1470be5eb0901cc0eccdcc8eb8"}
,"D:\\Repositorio\\Practicas Back\\src\\middleware\\permissions.js": {"path":"D:\\Repositorio\\Practicas Back\\src\\middleware\\permissions.js","statementMap":{"0":{"start":{"line":2,"column":0},"end":{"line":14,"column":1}},"1":{"start":{"line":3,"column":2},"end":{"line":13,"column":3}},"2":{"start":{"line":4,"column":4},"end":{"line":6,"column":5}},"3":{"start":{"line":5,"column":6},"end":{"line":5,"column":63}},"4":{"start":{"line":8,"column":19},"end":{"line":8,"column":32}},"5":{"start":{"line":9,"column":4},"end":{"line":11,"column":5}},"6":{"start":{"line":10,"column":6},"end":{"line":10,"column":84}},"7":{"start":{"line":12,"column":4},"end":{"line":12,"column":11}}},"fnMap":{"0":{"name":"permissions","decl":{"start":{"line":2,"column":26},"end":{"line":2,"column":37}},"loc":{"start":{"line":2,"column":44},"end":{"line":14,"column":1}},"line":2},"1":{"name":"(anonymous_1)","decl":{"start":{"line":3,"column":9},"end":{"line":3,"column":10}},"loc":{"start":{"line":3,"column":35},"end":{"line":13,"column":3}},"line":3}},"branchMap":{"0":{"loc":{"start":{"line":4,"column":4},"end":{"line":6,"column":5}},"type":"if","locations":[{"start":{"line":4,"column":4},"end":{"line":6,"column":5}},{"start":{},"end":{}}],"line":4},"1":{"loc":{"start":{"line":9,"column":4},"end":{"line":11,"column":5}},"type":"if","locations":[{"start":{"line":9,"column":4},"end":{"line":11,"column":5}},{"start":{},"end":{}}],"line":9}},"s":{"0":4,"1":12,"2":16,"3":0,"4":16,"5":16,"6":4,"7":12},"f":{"0":12,"1":16},"b":{"0":[0,16],"1":[4,12]},"_coverageSchema":"1a1c01bbd47fc00a2c39e90264f33305004495a9","hash":"d0a1f6dd33ea9f6d28429694aac7864d7257a645"}
,"D:\\Repositorio\\Practicas Back\\src\\routes\\auth.js": {"path":"D:\\Repositorio\\Practicas Back\\src\\routes\\auth.js","statementMap":{"0":{"start":{"line":1,"column":16},"end":{"line":1,"column":34}},"1":{"start":{"line":2,"column":17},"end":{"line":2,"column":44}},"2":{"start":{"line":3,"column":14},"end":{"line":3,"column":38}},"3":{"start":{"line":4,"column":16},"end":{"line":4,"column":42}},"4":{"start":{"line":5,"column":15},"end":{"line":5,"column":31}},"5":{"start":{"line":7,"column":0},"end":{"line":7,"column":35}},"6":{"start":{"line":8,"column":0},"end":{"line":8,"column":29}},"7":{"start":{"line":9,"column":0},"end":{"line":9,"column":33}},"8":{"start":{"line":10,"column":0},"end":{"line":10,"column":39}},"9":{"start":{"line":12,"column":0},"end":{"line":12,"column":24}}},"fnMap":{},"branchMap":{},"s":{"0":4,"1":4,"2":4,"3":4,"4":4,"5":4,"6":4,"7":4,"8":4,"9":4},"f":{},"b":{},"_coverageSchema":"1a1c01bbd47fc00a2c39e90264f33305004495a9","hash":"50d4bf6da36f2d56e05ec8e97784056477638a88"}
,"D:\\Repositorio\\Practicas Back\\src\\routes\\clientes.js": {"path":"D:\\Repositorio\\Practicas Back\\src\\routes\\clientes.js","statementMap":{"0":{"start":{"line":1,"column":16},"end":{"line":1,"column":34}},"1":{"start":{"line":2,"column":15},"end":{"line":2,"column":31}},"2":{"start":{"line":3,"column":27},"end":{"line":3,"column":61}},"3":{"start":{"line":4,"column":13},"end":{"line":4,"column":42}},"4":{"start":{"line":5,"column":20},"end":{"line":5,"column":56}},"5":{"start":{"line":7,"column":0},"end":{"line":7,"column":49}},"6":{"start":{"line":8,"column":0},"end":{"line":8,"column":53}},"7":{"start":{"line":9,"column":0},"end":{"line":9,"column":50}},"8":{"start":{"line":10,"column":0},"end":{"line":10,"column":52}},"9":{"start":{"line":11,"column":0},"end":{"line":11,"column":77}},"10":{"start":{"line":13,"column":0},"end":{"line":13,"column":24}}},"fnMap":{},"branchMap":{},"s":{"0":4,"1":4,"2":4,"3":4,"4":4,"5":4,"6":4,"7":4,"8":4,"9":4,"10":4},"f":{},"b":{},"_coverageSchema":"1a1c01bbd47fc00a2c39e90264f33305004495a9","hash":"34f98a2de7ac59ab8c639de54a335db7b472c436"}
,"D:\\Repositorio\\Practicas Back\\src\\routes\\pedidos.js": {"path":"D:\\Repositorio\\Practicas Back\\src\\routes\\pedidos.js","statementMap":{"0":{"start":{"line":1,"column":16},"end":{"line":1,"column":34}},"1":{"start":{"line":2,"column":15},"end":{"line":2,"column":31}},"2":{"start":{"line":3,"column":20},"end":{"line":3,"column":53}},"3":{"start":{"line":4,"column":13},"end":{"line":4,"column":42}},"4":{"start":{"line":5,"column":20},"end":{"line":5,"column":56}},"5":{"start":{"line":7,"column":0},"end":{"line":7,"column":42}},"6":{"start":{"line":8,"column":0},"end":{"line":8,"column":46}},"7":{"start":{"line":9,"column":0},"end":{"line":9,"column":43}},"8":{"start":{"line":10,"column":0},"end":{"line":10,"column":45}},"9":{"start":{"line":11,"column":0},"end":{"line":11,"column":70}},"10":{"start":{"line":13,"column":0},"end":{"line":13,"column":24}}},"fnMap":{},"branchMap":{},"s":{"0":4,"1":4,"2":4,"3":4,"4":4,"5":4,"6":4,"7":4,"8":4,"9":4,"10":4},"f":{},"b":{},"_coverageSchema":"1a1c01bbd47fc00a2c39e90264f33305004495a9","hash":"461e4adca8b1eea7dcc97e0cec5b4f5a7fa6d374"}
,"D:\\Repositorio\\Practicas Back\\src\\routes\\productos.js": {"path":"D:\\Repositorio\\Practicas Back\\src\\routes\\productos.js","statementMap":{"0":{"start":{"line":1,"column":16},"end":{"line":1,"column":34}},"1":{"start":{"line":2,"column":15},"end":{"line":2,"column":31}},"2":{"start":{"line":3,"column":28},"end":{"line":3,"column":63}},"3":{"start":{"line":6,"column":13},"end":{"line":6,"column":42}},"4":{"start":{"line":7,"column":20},"end":{"line":7,"column":56}},"5":{"start":{"line":9,"column":0},"end":{"line":9,"column":50}},"6":{"start":{"line":10,"column":0},"end":{"line":10,"column":54}},"7":{"start":{"line":11,"column":0},"end":{"line":11,"column":51}},"8":{"start":{"line":12,"column":0},"end":{"line":12,"column":53}},"9":{"start":{"line":13,"column":0},"end":{"line":13,"column":78}},"10":{"start":{"line":15,"column":0},"end":{"line":15,"column":24}}},"fnMap":{},"branchMap":{},"s":{"0":4,"1":4,"2":4,"3":4,"4":4,"5":4,"6":4,"7":4,"8":4,"9":4,"10":4},"f":{},"b":{},"_coverageSchema":"1a1c01bbd47fc00a2c39e90264f33305004495a9","hash":"d880abfe264203ef666be0386a006367353d1d85"}
,"D:\\Repositorio\\Practicas Back\\src\\services\\clientes.js": {"path":"D:\\Repositorio\\Practicas Back\\src\\services\\clientes.js","statementMap":{"0":{"start":{"line":1,"column":13},"end":{"line":1,"column":32}},"1":{"start":{"line":3,"column":0},"end":{"line":30,"column":2}},"2":{"start":{"line":5,"column":16},"end":{"line":5,"column":59}},"3":{"start":{"line":6,"column":4},"end":{"line":6,"column":20}},"4":{"start":{"line":9,"column":16},"end":{"line":9,"column":79}},"5":{"start":{"line":10,"column":4},"end":{"line":10,"column":23}},"6":{"start":{"line":13,"column":16},"end":{"line":16,"column":5}},"7":{"start":{"line":17,"column":4},"end":{"line":17,"column":23}},"8":{"start":{"line":20,"column":16},"end":{"line":23,"column":5}},"9":{"start":{"line":24,"column":4},"end":{"line":24,"column":23}},"10":{"start":{"line":27,"column":16},"end":{"line":27,"column":89}},"11":{"start":{"line":28,"column":4},"end":{"line":28,"column":23}}},"fnMap":{"0":{"name":"(anonymous_0)","decl":{"start":{"line":4,"column":10},"end":{"line":4,"column":11}},"loc":{"start":{"line":4,"column":22},"end":{"line":7,"column":3}},"line":4},"1":{"name":"(anonymous_1)","decl":{"start":{"line":8,"column":11},"end":{"line":8,"column":12}},"loc":{"start":{"line":8,"column":25},"end":{"line":11,"column":3}},"line":8},"2":{"name":"(anonymous_2)","decl":{"start":{"line":12,"column":10},"end":{"line":12,"column":11}},"loc":{"start":{"line":12,"column":26},"end":{"line":18,"column":3}},"line":12},"3":{"name":"(anonymous_3)","decl":{"start":{"line":19,"column":10},"end":{"line":19,"column":11}},"loc":{"start":{"line":19,"column":30},"end":{"line":25,"column":3}},"line":19},"4":{"name":"(anonymous_4)","decl":{"start":{"line":26,"column":10},"end":{"line":26,"column":11}},"loc":{"start":{"line":26,"column":24},"end":{"line":29,"column":3}},"line":26}},"branchMap":{},"s":{"0":4,"1":4,"2":1,"3":1,"4":1,"5":1,"6":9,"7":7,"8":2,"9":1,"10":2,"11":2},"f":{"0":1,"1":1,"2":9,"3":2,"4":2},"b":{},"_coverageSchema":"1a1c01bbd47fc00a2c39e90264f33305004495a9","hash":"8c69f51fdb122e8dc0e3fcbdd46c5c2474498fdf"}
,"D:\\Repositorio\\Practicas Back\\src\\services\\pedidos.js": {"path":"D:\\Repositorio\\Practicas Back\\src\\services\\pedidos.js","statementMap":{"0":{"start":{"line":1,"column":13},"end":{"line":1,"column":32}},"1":{"start":{"line":3,"column":0},"end":{"line":56,"column":2}},"2":{"start":{"line":5,"column":77},"end":{"line":5,"column":82}},"3":{"start":{"line":6,"column":27},"end":{"line":6,"column":42}},"4":{"start":{"line":7,"column":16},"end":{"line":7,"column":18}},"5":{"start":{"line":8,"column":17},"end":{"line":8,"column":19}},"6":{"start":{"line":9,"column":14},"end":{"line":9,"column":15}},"7":{"start":{"line":10,"column":4},"end":{"line":14,"column":5}},"8":{"start":{"line":11,"column":6},"end":{"line":11,"column":40}},"9":{"start":{"line":12,"column":6},"end":{"line":12,"column":29}},"10":{"start":{"line":13,"column":6},"end":{"line":13,"column":12}},"11":{"start":{"line":15,"column":4},"end":{"line":19,"column":5}},"12":{"start":{"line":16,"column":6},"end":{"line":16,"column":37}},"13":{"start":{"line":17,"column":6},"end":{"line":17,"column":26}},"14":{"start":{"line":18,"column":6},"end":{"line":18,"column":12}},"15":{"start":{"line":20,"column":24},"end":{"line":20,"column":74}},"16":{"start":{"line":21,"column":19},"end":{"line":21,"column":37}},"17":{"start":{"line":22,"column":22},"end":{"line":22,"column":133}},"18":{"start":{"line":23,"column":4},"end":{"line":23,"column":31}},"19":{"start":{"line":24,"column":16},"end":{"line":24,"column":51}},"20":{"start":{"line":25,"column":4},"end":{"line":25,"column":20}},"21":{"start":{"line":28,"column":16},"end":{"line":28,"column":78}},"22":{"start":{"line":29,"column":4},"end":{"line":29,"column":23}},"23":{"start":{"line":33,"column":19},"end":{"line":33,"column":156}},"24":{"start":{"line":34,"column":4},"end":{"line":38,"column":5}},"25":{"start":{"line":35,"column":18},"end":{"line":35,"column":47}},"26":{"start":{"line":36,"column":6},"end":{"line":36,"column":21}},"27":{"start":{"line":37,"column":6},"end":{"line":37,"column":16}},"28":{"start":{"line":39,"column":16},"end":{"line":42,"column":5}},"29":{"start":{"line":43,"column":4},"end":{"line":43,"column":23}},"30":{"start":{"line":46,"column":16},"end":{"line":49,"column":5}},"31":{"start":{"line":50,"column":4},"end":{"line":50,"column":23}},"32":{"start":{"line":53,"column":16},"end":{"line":53,"column":88}},"33":{"start":{"line":54,"column":4},"end":{"line":54,"column":23}}},"fnMap":{"0":{"name":"(anonymous_0)","decl":{"start":{"line":4,"column":10},"end":{"line":4,"column":11}},"loc":{"start":{"line":4,"column":27},"end":{"line":26,"column":3}},"line":4},"1":{"name":"(anonymous_1)","decl":{"start":{"line":27,"column":11},"end":{"line":27,"column":12}},"loc":{"start":{"line":27,"column":25},"end":{"line":30,"column":3}},"line":27},"2":{"name":"(anonymous_2)","decl":{"start":{"line":31,"column":10},"end":{"line":31,"column":11}},"loc":{"start":{"line":31,"column":26},"end":{"line":44,"column":3}},"line":31},"3":{"name":"(anonymous_3)","decl":{"start":{"line":45,"column":10},"end":{"line":45,"column":11}},"loc":{"start":{"line":45,"column":30},"end":{"line":51,"column":3}},"line":45},"4":{"name":"(anonymous_4)","decl":{"start":{"line":52,"column":10},"end":{"line":52,"column":11}},"loc":{"start":{"line":52,"column":24},"end":{"line":55,"column":3}},"line":52}},"branchMap":{"0":{"loc":{"start":{"line":5,"column":31},"end":{"line":5,"column":50}},"type":"default-arg","locations":[{"start":{"line":5,"column":38},"end":{"line":5,"column":50}}],"line":5},"1":{"loc":{"start":{"line":5,"column":52},"end":{"line":5,"column":60}},"type":"default-arg","locations":[{"start":{"line":5,"column":59},"end":{"line":5,"column":60}}],"line":5},"2":{"loc":{"start":{"line":5,"column":62},"end":{"line":5,"column":72}},"type":"default-arg","locations":[{"start":{"line":5,"column":70},"end":{"line":5,"column":72}}],"line":5},"3":{"loc":{"start":{"line":10,"column":4},"end":{"line":14,"column":5}},"type":"if","locations":[{"start":{"line":10,"column":4},"end":{"line":14,"column":5}},{"start":{},"end":{}}],"line":10},"4":{"loc":{"start":{"line":15,"column":4},"end":{"line":19,"column":5}},"type":"if","locations":[{"start":{"line":15,"column":4},"end":{"line":19,"column":5}},{"start":{},"end":{}}],"line":15},"5":{"loc":{"start":{"line":20,"column":24},"end":{"line":20,"column":74}},"type":"cond-expr","locations":[{"start":{"line":20,"column":39},"end":{"line":20,"column":69}},{"start":{"line":20,"column":72},"end":{"line":20,"column":74}}],"line":20},"6":{"loc":{"start":{"line":34,"column":4},"end":{"line":38,"column":5}},"type":"if","locations":[{"start":{"line":34,"column":4},"end":{"line":38,"column":5}},{"start":{},"end":{}}],"line":34}},"s":{"0":4,"1":4,"2":1,"3":1,"4":1,"5":1,"6":1,"7":1,"8":0,"9":0,"10":0,"11":1,"12":0,"13":0,"14":0,"15":1,"16":1,"17":1,"18":1,"19":1,"20":1,"21":1,"22":1,"23":4,"24":4,"25":1,"26":1,"27":1,"28":3,"29":2,"30":2,"31":1,"32":2,"33":2},"f":{"0":1,"1":1,"2":4,"3":2,"4":2},"b":{"0":[1],"1":[1],"2":[1],"3":[0,1],"4":[0,1],"5":[0,1],"6":[1,3]},"_coverageSchema":"1a1c01bbd47fc00a2c39e90264f33305004495a9","hash":"4a3b1d77146445951716e97893ec642e10c60ddf"}
,"D:\\Repositorio\\Practicas Back\\src\\services\\productos.js": {"path":"D:\\Repositorio\\Practicas Back\\src\\services\\productos.js","statementMap":{"0":{"start":{"line":2,"column":13},"end":{"line":2,"column":32}},"1":{"start":{"line":4,"column":0},"end":{"line":54,"column":2}},"2":{"start":{"line":6,"column":19},"end":{"line":6,"column":37}},"3":{"start":{"line":7,"column":18},"end":{"line":7,"column":27}},"4":{"start":{"line":8,"column":4},"end":{"line":11,"column":5}},"5":{"start":{"line":9,"column":29},"end":{"line":9,"column":44}},"6":{"start":{"line":10,"column":6},"end":{"line":10,"column":50}},"7":{"start":{"line":12,"column":21},"end":{"line":12,"column":72}},"8":{"start":{"line":13,"column":18},"end":{"line":13,"column":50}},"9":{"start":{"line":14,"column":25},"end":{"line":17,"column":5}},"10":{"start":{"line":18,"column":4},"end":{"line":23,"column":6}},"11":{"start":{"line":26,"column":16},"end":{"line":26,"column":80}},"12":{"start":{"line":27,"column":4},"end":{"line":27,"column":23}},"13":{"start":{"line":31,"column":19},"end":{"line":31,"column":97}},"14":{"start":{"line":32,"column":4},"end":{"line":36,"column":5}},"15":{"start":{"line":33,"column":18},"end":{"line":33,"column":59}},"16":{"start":{"line":34,"column":6},"end":{"line":34,"column":21}},"17":{"start":{"line":35,"column":6},"end":{"line":35,"column":16}},"18":{"start":{"line":37,"column":16},"end":{"line":40,"column":5}},"19":{"start":{"line":41,"column":4},"end":{"line":41,"column":23}},"20":{"start":{"line":44,"column":16},"end":{"line":47,"column":5}},"21":{"start":{"line":48,"column":4},"end":{"line":48,"column":23}},"22":{"start":{"line":51,"column":16},"end":{"line":51,"column":90}},"23":{"start":{"line":52,"column":4},"end":{"line":52,"column":23}}},"fnMap":{"0":{"name":"(anonymous_0)","decl":{"start":{"line":5,"column":10},"end":{"line":5,"column":11}},"loc":{"start":{"line":5,"column":52},"end":{"line":24,"column":3}},"line":5},"1":{"name":"(anonymous_1)","decl":{"start":{"line":25,"column":11},"end":{"line":25,"column":12}},"loc":{"start":{"line":25,"column":25},"end":{"line":28,"column":3}},"line":25},"2":{"name":"(anonymous_2)","decl":{"start":{"line":29,"column":10},"end":{"line":29,"column":11}},"loc":{"start":{"line":29,"column":27},"end":{"line":42,"column":3}},"line":29},"3":{"name":"(anonymous_3)","decl":{"start":{"line":43,"column":10},"end":{"line":43,"column":11}},"loc":{"start":{"line":43,"column":31},"end":{"line":49,"column":3}},"line":43},"4":{"name":"(anonymous_4)","decl":{"start":{"line":50,"column":10},"end":{"line":50,"column":11}},"loc":{"start":{"line":50,"column":24},"end":{"line":53,"column":3}},"line":50}},"branchMap":{"0":{"loc":{"start":{"line":5,"column":19},"end":{"line":5,"column":27}},"type":"default-arg","locations":[{"start":{"line":5,"column":26},"end":{"line":5,"column":27}}],"line":5},"1":{"loc":{"start":{"line":5,"column":29},"end":{"line":5,"column":39}},"type":"default-arg","locations":[{"start":{"line":5,"column":37},"end":{"line":5,"column":39}}],"line":5},"2":{"loc":{"start":{"line":8,"column":4},"end":{"line":11,"column":5}},"type":"if","locations":[{"start":{"line":8,"column":4},"end":{"line":11,"column":5}},{"start":{},"end":{}}],"line":8},"3":{"loc":{"start":{"line":32,"column":4},"end":{"line":36,"column":5}},"type":"if","locations":[{"start":{"line":32,"column":4},"end":{"line":36,"column":5}},{"start":{},"end":{}}],"line":32}},"s":{"0":4,"1":4,"2":1,"3":1,"4":1,"5":0,"6":0,"7":1,"8":1,"9":1,"10":1,"11":1,"12":1,"13":3,"14":3,"15":1,"16":1,"17":1,"18":2,"19":2,"20":1,"21":1,"22":2,"23":2},"f":{"0":1,"1":1,"2":3,"3":1,"4":2},"b":{"0":[0],"1":[0],"2":[0,1],"3":[1,2]},"_coverageSchema":"1a1c01bbd47fc00a2c39e90264f33305004495a9","hash":"4405dcfcfc35f105e5610871f365fa886845e89a"}
}
