TN:
SF:src\db.js
FNF:0
FNH:0
DA:1,4
DA:3,4
DA:7,4
LF:3
LH:3
BRF:0
BRH:0
end_of_record
TN:
SF:src\index.js
FN:20,(anonymous_0)
FN:33,(anonymous_1)
FNF:2
FNH:0
FNDA:0,(anonymous_0)
FNDA:0,(anonymous_1)
DA:1,4
DA:3,4
DA:4,4
DA:6,4
DA:7,4
DA:8,4
DA:9,4
DA:10,4
DA:13,4
DA:14,4
DA:15,4
DA:16,4
DA:17,4
DA:20,4
DA:21,0
DA:22,0
DA:23,0
DA:25,0
DA:29,4
DA:31,4
DA:32,0
DA:33,0
DA:34,0
LF:23
LH:16
BRDA:31,0,0,0
BRDA:31,0,1,4
BRDA:32,1,0,0
BRDA:32,1,1,0
BRF:4
BRH:1
end_of_record
TN:
SF:src\auth\login.js
FN:6,login
FNF:1
FNH:1
FNDA:15,login
DA:1,4
DA:2,4
DA:3,4
DA:4,4
DA:6,4
DA:7,15
DA:8,15
DA:9,15
DA:10,1
DA:12,14
DA:13,13
DA:14,2
DA:16,11
DA:17,11
DA:18,1
DA:20,10
DA:26,10
DA:31,10
DA:32,10
DA:34,1
LF:20
LH:20
BRDA:9,0,0,1
BRDA:9,0,1,14
BRDA:9,1,0,15
BRDA:9,1,1,14
BRDA:13,2,0,2
BRDA:13,2,1,11
BRDA:17,3,0,1
BRDA:17,3,1,10
BRF:8
BRH:8
end_of_record
TN:
SF:src\auth\passwordUtils.js
FN:2,(anonymous_0)
FNF:1
FNH:1
FNDA:12,(anonymous_0)
DA:2,4
DA:4,12
LF:2
LH:2
BRF:0
BRH:0
end_of_record
TN:
SF:src\auth\refresh.js
FN:9,refreshToken
FN:34,(anonymous_1)
FNF:2
FNH:2
FNDA:4,refreshToken
FNDA:2,(anonymous_1)
DA:2,4
DA:3,4
DA:6,4
DA:7,4
DA:9,4
DA:10,4
DA:11,4
DA:12,4
DA:14,0
DA:15,0
DA:16,0
DA:17,0
DA:18,0
DA:23,0
DA:25,0
DA:30,4
DA:31,4
DA:34,4
DA:35,2
DA:36,2
DA:37,1
DA:39,1
DA:40,1
LF:23
LH:16
BRDA:11,0,0,4
BRDA:11,0,1,0
BRDA:11,1,0,4
BRDA:11,1,1,3
BRDA:11,1,2,1
BRDA:17,2,0,0
BRDA:17,2,1,0
BRDA:36,3,0,1
BRDA:36,3,1,1
BRDA:36,4,0,2
BRDA:36,4,1,2
BRF:11
BRH:8
end_of_record
TN:
SF:src\auth\register.js
FN:5,register
FNF:1
FNH:1
FNDA:13,register
DA:1,4
DA:2,4
DA:3,4
DA:5,4
DA:6,13
DA:7,13
DA:8,13
DA:9,1
DA:11,12
DA:12,4
DA:14,8
DA:15,8
DA:16,1
DA:18,7
DA:19,7
DA:20,7
DA:22,0
LF:17
LH:16
BRDA:8,0,0,1
BRDA:8,0,1,12
BRDA:8,1,0,13
BRDA:8,1,1,12
BRDA:8,1,2,12
BRDA:11,2,0,4
BRDA:11,2,1,8
BRDA:15,3,0,1
BRDA:15,3,1,7
BRDA:19,4,0,7
BRDA:19,4,1,0
BRF:11
BRH:10
end_of_record
TN:
SF:src\auth\userModel.js
FN:5,(anonymous_0)
FN:9,(anonymous_1)
FNF:2
FNH:2
FNDA:21,(anonymous_0)
FNDA:7,(anonymous_1)
DA:2,4
DA:4,4
DA:6,21
DA:7,21
DA:10,7
DA:14,7
LF:6
LH:6
BRF:0
BRH:0
end_of_record
TN:
SF:src\controllers\clientes.js
FN:4,(anonymous_0)
FN:8,(anonymous_1)
FN:13,(anonymous_2)
FN:25,(anonymous_3)
FN:34,(anonymous_4)
FNF:5
FNH:5
FNDA:1,(anonymous_0)
FNDA:1,(anonymous_1)
FNDA:12,(anonymous_2)
FNDA:4,(anonymous_3)
FNDA:4,(anonymous_4)
DA:1,4
DA:3,4
DA:5,1
DA:6,1
DA:9,1
DA:10,1
DA:11,0
DA:14,12
DA:15,12
DA:16,12
DA:17,1
DA:19,11
DA:20,7
DA:22,4
DA:26,4
DA:27,4
DA:28,1
DA:29,0
DA:31,3
DA:35,4
DA:36,4
DA:37,2
DA:38,0
DA:40,2
LF:24
LH:21
BRDA:10,0,0,1
BRDA:10,0,1,0
BRDA:16,1,0,1
BRDA:16,1,1,11
BRDA:16,2,0,12
BRDA:16,2,1,11
BRDA:16,2,2,11
BRDA:16,2,3,11
BRDA:28,3,0,1
BRDA:28,3,1,0
BRDA:37,4,0,2
BRDA:37,4,1,0
BRF:12
BRH:9
end_of_record
TN:
SF:src\controllers\pedidos.js
FN:4,(anonymous_0)
FN:8,(anonymous_1)
FN:13,(anonymous_2)
FN:25,(anonymous_3)
FN:34,(anonymous_4)
FNF:5
FNH:5
FNDA:1,(anonymous_0)
FNDA:1,(anonymous_1)
FNDA:6,(anonymous_2)
FNDA:4,(anonymous_3)
FNDA:4,(anonymous_4)
DA:1,4
DA:3,4
DA:5,1
DA:6,1
DA:9,1
DA:10,1
DA:11,0
DA:14,6
DA:15,6
DA:16,6
DA:17,1
DA:19,5
DA:20,2
DA:22,3
DA:26,4
DA:27,4
DA:28,1
DA:29,0
DA:31,3
DA:35,4
DA:36,4
DA:37,2
DA:38,0
DA:40,2
LF:24
LH:21
BRDA:10,0,0,1
BRDA:10,0,1,0
BRDA:16,1,0,1
BRDA:16,1,1,5
BRDA:16,2,0,6
BRDA:16,2,1,5
BRDA:16,2,2,5
BRDA:16,2,3,5
BRDA:16,2,4,5
BRDA:16,2,5,5
BRDA:16,2,6,5
BRDA:28,3,0,1
BRDA:28,3,1,0
BRDA:37,4,0,2
BRDA:37,4,1,0
BRF:15
BRH:12
end_of_record
TN:
SF:src\controllers\productos.js
FN:13,(anonymous_0)
FN:19,(anonymous_1)
FN:27,(anonymous_2)
FN:36,(anonymous_3)
FN:49,(anonymous_4)
FNF:5
FNH:5
FNDA:1,(anonymous_0)
FNDA:1,(anonymous_1)
FNDA:6,(anonymous_2)
FNDA:3,(anonymous_3)
FNDA:4,(anonymous_4)
DA:2,4
DA:3,4
DA:6,4
DA:12,4
DA:15,1
DA:16,1
DA:17,1
DA:20,1
DA:21,1
DA:22,1
DA:23,1
DA:25,0
DA:28,6
DA:29,6
DA:30,4
DA:31,2
DA:33,4
DA:37,3
DA:38,3
DA:39,3
DA:40,3
DA:41,1
DA:42,1
DA:44,0
DA:46,2
DA:50,4
DA:51,4
DA:52,4
DA:53,2
DA:54,2
DA:56,0
DA:58,2
LF:32
LH:29
BRDA:15,0,0,1
BRDA:15,1,0,1
BRDA:22,2,0,1
BRDA:22,2,1,0
BRDA:33,3,0,4
BRDA:33,3,1,4
BRDA:41,4,0,1
BRDA:41,4,1,0
BRDA:46,5,0,2
BRDA:46,5,1,2
BRDA:53,6,0,2
BRDA:53,6,1,0
BRF:12
BRH:9
end_of_record
TN:
SF:src\middleware\auth.js
FN:4,authMiddleware
FNF:1
FNH:1
FNDA:76,authMiddleware
DA:2,4
DA:4,4
DA:5,76
DA:6,76
DA:7,64
DA:8,64
DA:9,63
DA:10,63
DA:11,57
DA:12,57
DA:14,6
LF:11
LH:11
BRDA:6,0,0,12
BRDA:6,0,1,64
BRDA:8,1,0,1
BRDA:8,1,1,63
BRF:4
BRH:4
end_of_record
TN:
SF:src\middleware\permissions.js
FN:2,permissions
FN:3,(anonymous_1)
FNF:2
FNH:2
FNDA:12,permissions
FNDA:16,(anonymous_1)
DA:2,4
DA:3,12
DA:4,16
DA:5,0
DA:8,16
DA:9,16
DA:10,4
DA:12,12
LF:8
LH:7
BRDA:4,0,0,0
BRDA:4,0,1,16
BRDA:9,1,0,4
BRDA:9,1,1,12
BRF:4
BRH:3
end_of_record
TN:
SF:src\routes\auth.js
FNF:0
FNH:0
DA:1,4
DA:2,4
DA:3,4
DA:4,4
DA:5,4
DA:7,4
DA:8,4
DA:9,4
DA:10,4
DA:12,4
LF:10
LH:10
BRF:0
BRH:0
end_of_record
TN:
SF:src\routes\clientes.js
FNF:0
FNH:0
DA:1,4
DA:2,4
DA:3,4
DA:4,4
DA:5,4
DA:7,4
DA:8,4
DA:9,4
DA:10,4
DA:11,4
DA:13,4
LF:11
LH:11
BRF:0
BRH:0
end_of_record
TN:
SF:src\routes\pedidos.js
FNF:0
FNH:0
DA:1,4
DA:2,4
DA:3,4
DA:4,4
DA:5,4
DA:7,4
DA:8,4
DA:9,4
DA:10,4
DA:11,4
DA:13,4
LF:11
LH:11
BRF:0
BRH:0
end_of_record
TN:
SF:src\routes\productos.js
FNF:0
FNH:0
DA:1,4
DA:2,4
DA:3,4
DA:6,4
DA:7,4
DA:9,4
DA:10,4
DA:11,4
DA:12,4
DA:13,4
DA:15,4
LF:11
LH:11
BRF:0
BRH:0
end_of_record
TN:
SF:src\services\clientes.js
FN:4,(anonymous_0)
FN:8,(anonymous_1)
FN:12,(anonymous_2)
FN:19,(anonymous_3)
FN:26,(anonymous_4)
FNF:5
FNH:5
FNDA:1,(anonymous_0)
FNDA:1,(anonymous_1)
FNDA:9,(anonymous_2)
FNDA:2,(anonymous_3)
FNDA:2,(anonymous_4)
DA:1,4
DA:3,4
DA:5,1
DA:6,1
DA:9,1
DA:10,1
DA:13,9
DA:17,7
DA:20,2
DA:24,1
DA:27,2
DA:28,2
LF:12
LH:12
BRF:0
BRH:0
end_of_record
TN:
SF:src\services\pedidos.js
FN:4,(anonymous_0)
FN:27,(anonymous_1)
FN:31,(anonymous_2)
FN:45,(anonymous_3)
FN:52,(anonymous_4)
FNF:5
FNH:5
FNDA:1,(anonymous_0)
FNDA:1,(anonymous_1)
FNDA:4,(anonymous_2)
FNDA:2,(anonymous_3)
FNDA:2,(anonymous_4)
DA:1,4
DA:3,4
DA:5,1
DA:6,1
DA:7,1
DA:8,1
DA:9,1
DA:10,1
DA:11,0
DA:12,0
DA:13,0
DA:15,1
DA:16,0
DA:17,0
DA:18,0
DA:20,1
DA:21,1
DA:22,1
DA:23,1
DA:24,1
DA:25,1
DA:28,1
DA:29,1
DA:33,4
DA:34,4
DA:35,1
DA:36,1
DA:37,1
DA:39,3
DA:43,2
DA:46,2
DA:50,1
DA:53,2
DA:54,2
LF:34
LH:28
BRDA:5,0,0,1
BRDA:5,1,0,1
BRDA:5,2,0,1
BRDA:10,3,0,0
BRDA:10,3,1,1
BRDA:15,4,0,0
BRDA:15,4,1,1
BRDA:20,5,0,0
BRDA:20,5,1,1
BRDA:34,6,0,1
BRDA:34,6,1,3
BRF:11
BRH:8
end_of_record
TN:
SF:src\services\productos.js
FN:5,(anonymous_0)
FN:25,(anonymous_1)
FN:29,(anonymous_2)
FN:43,(anonymous_3)
FN:50,(anonymous_4)
FNF:5
FNH:5
FNDA:1,(anonymous_0)
FNDA:1,(anonymous_1)
FNDA:3,(anonymous_2)
FNDA:1,(anonymous_3)
FNDA:2,(anonymous_4)
DA:2,4
DA:4,4
DA:6,1
DA:7,1
DA:8,1
DA:9,0
DA:10,0
DA:12,1
DA:13,1
DA:14,1
DA:18,1
DA:26,1
DA:27,1
DA:31,3
DA:32,3
DA:33,1
DA:34,1
DA:35,1
DA:37,2
DA:41,2
DA:44,1
DA:48,1
DA:51,2
DA:52,2
LF:24
LH:22
BRDA:5,0,0,0
BRDA:5,1,0,0
BRDA:8,2,0,0
BRDA:8,2,1,1
BRDA:32,3,0,1
BRDA:32,3,1,2
BRF:6
BRH:3
end_of_record
